<?xml version="1.0" encoding="UTF-8"?>
<testsuite name="org.example.TestMain" tests="13" skipped="0" failures="0" errors="0" timestamp="2024-03-10T08:19:54" hostname="MacBook-Pro-Razvan.local" time="0.069">
  <properties/>
  <testcase name="coliziuniCicluStudiiContestatii10()" classname="org.example.TestMain" time="0.028"/>
  <testcase name="coliziuniMedie08()" classname="org.example.TestMain" time="0.005"/>
  <testcase name="toateFunctionalitatile12()" classname="org.example.TestMain" time="0.005"/>
  <testcase name="inroleazaSimplu05()" classname="org.example.TestMain" time="0.003"/>
  <testcase name="posteazaMedii01()" classname="org.example.TestMain" time="0.002"/>
  <testcase name="posteazaMediiContestatii02()" classname="org.example.TestMain" time="0.002"/>
  <testcase name="posteazaMediiContestatii03()" classname="org.example.TestMain" time="0.002"/>
  <testcase name="posteazaMediiContestatii04()" classname="org.example.TestMain" time="0.001"/>
  <testcase name="inroleazaCicluStudiiContestatii07()" classname="org.example.TestMain" time="0.003"/>
  <testcase name="inroleazaCicluStudii06()" classname="org.example.TestMain" time="0.002"/>
  <testcase name="bonus13()" classname="org.example.TestMain" time="0.003"/>
  <testcase name="coliziuniCicluStudii09()" classname="org.example.TestMain" time="0.003"/>
  <testcase name="exceptieSimplu11()" classname="org.example.TestMain" time="0.002"/>
  <system-out><![CDATA[]]></system-out>
  <system-err><![CDATA[]]></system-err>
</testsuite>
